#
# There is insufficient memory for the Java Runtime Environment to continue.
# Native memory allocation (malloc) failed to allocate 1048576 bytes for AllocateHeap
# Possible reasons:
#   The system is out of physical RAM or swap space
#   The process is running with CompressedOops enabled, and the Java Heap may be blocking the growth of the native heap
# Possible solutions:
#   Reduce memory load on the system
#   Increase physical memory or swap space
#   Check if swap backing store is full
#   Decrease Java heap size (-Xmx/-Xms)
#   Decrease number of Java threads
#   Decrease Java thread stack sizes (-Xss)
#   Set larger code cache with -XX:ReservedCodeCacheSize=
#   JVM is running with Zero Based Compressed Oops mode in which the Java heap is
#     placed in the first 32GB address space. The Java Heap base address is the
#     maximum limit for the native heap growth. Please use -XX:HeapBaseMinAddress
#     to set the Java Heap base and to place the Java Heap above 32GB virtual address.
# This output file may be truncated or incomplete.
#
#  Out of Memory Error (./open/src/hotspot/share/memory/allocation.cpp:46), pid=28764, tid=18040
#
# JRE version: Java(TM) SE Runtime Environment 18.9 (11.0.7+8) (build 11.0.7+8-LTS)
# Java VM: Java HotSpot(TM) 64-Bit Server VM 18.9 (11.0.7+8-LTS, mixed mode, tiered, compressed oops, g1 gc, windows-amd64)
# No core dump will be written. Minidumps are not enabled by default on client versions of Windows
#

---------------  S U M M A R Y ------------

Command Line: --module-path=C:\javafx-sdk-11.0.2\lib --add-modules=javafx.controls,javafx.fxml --add-modules=javafx.base,javafx.graphics --add-reads=javafx.base=ALL-UNNAMED --add-reads=javafx.graphics=ALL-UNNAMED -javaagent:C:\Program Files\JetBrains\IntelliJ IDEA 2019.1.2\lib\idea_rt.jar=5267:C:\Program Files\JetBrains\IntelliJ IDEA 2019.1.2\bin -Dfile.encoding=UTF-8 Application.Main

Host: Intel(R) Core(TM) i7-7500U CPU @ 2.70GHz, 4 cores, 11G,  Windows 10 , 64 bit Build 18362 (10.0.18362.778)
Time: Mon Jun  8 01:10:48 2020 Maroc (heure d?été) elapsed time: 145 seconds (0d 0h 2m 25s)

---------------  T H R E A D  ---------------

Current thread (0x000002327f058800):  VMThread "VM Thread" [stack: 0x0000004831f00000,0x0000004832000000] [id=18040]

Stack: [0x0000004831f00000,0x0000004832000000]
[error occurred during error reporting (printing stack bounds), id 0xc0000005, EXCEPTION_ACCESS_VIOLATION (0xc0000005) at pc=0x0000023200000bad]

Native frames: (J=compiled Java code, j=interpreted, Vv=VM code, C=native code)
V  [jvm.dll+0x661a7a]
V  [jvm.dll+0x7a1b2f]
V  [jvm.dll+0x7a31d5]
V  [jvm.dll+0x7a37a5]
V  [jvm.dll+0x7a375b]
V  [jvm.dll+0x661176]
V  [jvm.dll+0x661548]
C  [ntdll.dll+0xa11cf]
C  [ntdll.dll+0x6a209]
C  [ntdll.dll+0x9fe3e]
C  0x0000023200000bad

VM_Operation (0x00000048330f70a0): CollectForMetadataAllocation, mode: safepoint, requested by thread 0x0000023214e4d000


---------------  P R O C E S S  ---------------

Threads class SMR info:
_java_thread_list=0x000002321aa5bec0, length=19, elements={
0x0000023270622800, 0x000002327f881800, 0x000002327f882800, 0x000002327f8e4800,
0x000002327f8e5800, 0x000002327f8e7800, 0x000002327f8eb000, 0x000002327f944000,
0x000002327f00c000, 0x0000023214622000, 0x0000023214da1000, 0x00000232149e1000,
0x0000023214097000, 0x0000023214e4d000, 0x000002321494a000, 0x0000023215095800,
0x000002321ac67000, 0x0000023214eb6800, 0x0000023214b0a800
}

Java Threads: ( => current thread )
  0x0000023270622800 JavaThread "main" [_thread_blocked, id=10656, stack(0x0000004831900000,0x0000004831a00000)]
  0x000002327f881800 JavaThread "Reference Handler" daemon [_thread_blocked, id=25828, stack(0x0000004832000000,0x0000004832100000)]
  0x000002327f882800 JavaThread "Finalizer" daemon [_thread_blocked, id=29116, stack(0x0000004832100000,0x0000004832200000)]
  0x000002327f8e4800 JavaThread "Signal Dispatcher" daemon [_thread_blocked, id=23232, stack(0x0000004832200000,0x0000004832300000)]
  0x000002327f8e5800 JavaThread "Attach Listener" daemon [_thread_blocked, id=24100, stack(0x0000004832300000,0x0000004832400000)]
  0x000002327f8e7800 JavaThread "C2 CompilerThread0" daemon [_thread_blocked, id=23004, stack(0x0000004832400000,0x0000004832500000)]
  0x000002327f8eb000 JavaThread "C1 CompilerThread0" daemon [_thread_blocked, id=9408, stack(0x0000004832500000,0x0000004832600000)]
  0x000002327f944000 JavaThread "Sweeper thread" daemon [_thread_blocked, id=18960, stack(0x0000004832600000,0x0000004832700000)]
  0x000002327f00c000 JavaThread "Common-Cleaner" daemon [_thread_blocked, id=33288, stack(0x0000004832700000,0x0000004832800000)]
  0x0000023214622000 JavaThread "Monitor Ctrl-Break" daemon [_thread_in_native, id=928, stack(0x0000004832900000,0x0000004832a00000)]
  0x0000023214da1000 JavaThread "Service Thread" daemon [_thread_blocked, id=19844, stack(0x0000004832a00000,0x0000004832b00000)]
  0x00000232149e1000 JavaThread "QuantumRenderer-0" daemon [_thread_blocked, id=25172, stack(0x0000004832800000,0x0000004832900000)]
  0x0000023214097000 JavaThread "InvokeLaterDispatcher" daemon [_thread_blocked, id=32012, stack(0x0000004832f00000,0x0000004833000000)]
  0x0000023214e4d000 JavaThread "JavaFX Application Thread" [_thread_blocked, id=12784, stack(0x0000004833000000,0x0000004833100000)]
  0x000002321494a000 JavaThread "JavaFX-Launcher" [_thread_blocked, id=20888, stack(0x0000004833500000,0x0000004833600000)]
  0x0000023215095800 JavaThread "Thread-2" daemon [_thread_blocked, id=14472, stack(0x0000004833400000,0x0000004833500000)]
  0x000002321ac67000 JavaThread "Prism Font Disposer" daemon [_thread_blocked, id=17428, stack(0x0000004833900000,0x0000004833a00000)]
  0x0000023214eb6800 JavaThread "Cleaner-0" daemon [_thread_blocked, id=5040, stack(0x0000004833b00000,0x0000004833c00000)]
  0x0000023214b0a800 JavaThread "C2 CompilerThread1" daemon [_thread_blocked, id=11920, stack(0x0000004833200000,0x0000004833300000)]

Other Threads:
=>0x000002327f058800 VMThread "VM Thread" [stack: 0x0000004831f00000,0x0000004832000000] [id=18040]
  0x0000023214a41000 WatcherThread [stack: 0x0000004832b00000,0x0000004832c00000] [id=8992]
  0x0000023270638800 GCTaskThread "GC Thread#0" [stack: 0x0000004831a00000,0x0000004831b00000] [id=23968]
  0x00000232147ee800 GCTaskThread "GC Thread#1" [stack: 0x0000004832c00000,0x0000004832d00000] [id=28904]
  0x00000232148b0000 GCTaskThread "GC Thread#2" [stack: 0x0000004832d00000,0x0000004832e00000] [id=33492]
  0x000002321527d800 GCTaskThread "GC Thread#3" [stack: 0x0000004832e00000,0x0000004832f00000] [id=26084]
  0x000002327067e000 ConcurrentGCThread "G1 Main Marker" [stack: 0x0000004831b00000,0x0000004831c00000] [id=29744]
  0x0000023270680800 ConcurrentGCThread "G1 Conc#0" [stack: 0x0000004831c00000,0x0000004831d00000] [id=23316]
  0x000002327eebc800 ConcurrentGCThread "G1 Refine#0" [stack: 0x0000004831d00000,0x0000004831e00000] [id=15660]
  0x000002327eebd000 ConcurrentGCThread "G1 Young RemSet Sampling" [stack: 0x0000004831e00000,0x0000004831f00000] [id=23104]

Threads with active compile tasks:
C2 CompilerThread03128   !   4       java.util.jar.Attributes::read (388 bytes)

VM state:at safepoint (normal execution)

VM Mutex/Monitor currently owned by a thread:  ([mutex/lock_event])
[0x000002327061f750] Threads_lock - owner thread: 0x000002327f058800
[0x000002327061ec10] Heap_lock - owner thread: 0x0000023214e4d000

Heap address: 0x0000000741c00000, size: 3044 MB, Compressed Oops mode: Zero based, Oop shift amount: 3
Narrow klass base: 0x0000000800000000, Narrow klass shift: 0
Compressed class space size: 1073741824 Address: 0x0000000800000000

Heap:
 garbage-first heap   total 196608K, used 15655K [0x0000000741c00000, 0x0000000800000000)
  region size 1024K, 3 young (3072K), 3 survivors (3072K)
 Metaspace       used 25970K, capacity 26824K, committed 26880K, reserved 1081344K
  class space    used 3178K, capacity 3560K, committed 3584K, reserved 1048576K
Heap Regions: E=young(eden), S=young(survivor), O=old, HS=humongous(starts), HC=humongous(continues), CS=collection set, F=free, A=archive, TAMS=top-at-mark-start (previous, next)
|   0|0x0000000741c00000, 0x0000000741d00000, 0x0000000741d00000|100%| O|  |TAMS 0x0000000741cdbe00, 0x0000000741d00000| Untracked 
|   1|0x0000000741d00000, 0x0000000741e00000, 0x0000000741e00000|100%|HS|  |TAMS 0x0000000741e00000, 0x0000000741e00000| Complete 
|   2|0x0000000741e00000, 0x0000000741f00000, 0x0000000741f00000|100%|HC|  |TAMS 0x0000000741f00000, 0x0000000741f00000| Complete 
|   3|0x0000000741f00000, 0x0000000742000000, 0x0000000742000000|100%|HC|  |TAMS 0x0000000742000000, 0x0000000742000000| Complete 
|   4|0x0000000742000000, 0x0000000742100000, 0x0000000742100000|100%|HC|  |TAMS 0x0000000742100000, 0x0000000742100000| Complete 
|   5|0x0000000742100000, 0x0000000742200000, 0x0000000742200000|100%|HS|  |TAMS 0x0000000742100000, 0x0000000742200000| Complete 
|   6|0x0000000742200000, 0x0000000742300000, 0x0000000742300000|100%|HC|  |TAMS 0x0000000742200000, 0x0000000742300000| Complete 
|   7|0x0000000742300000, 0x0000000742400000, 0x0000000742400000|100%| O|  |TAMS 0x0000000742300000, 0x0000000742400000| Untracked 
|   8|0x0000000742400000, 0x0000000742500000, 0x0000000742500000|100%| O|  |TAMS 0x0000000742400000, 0x0000000742500000| Untracked 
|   9|0x0000000742500000, 0x0000000742600000, 0x0000000742600000|100%| O|  |TAMS 0x0000000742500000, 0x0000000742600000| Untracked 
|  10|0x0000000742600000, 0x0000000742700000, 0x0000000742700000|100%| O|  |TAMS 0x0000000742600000, 0x0000000742700000| Untracked 
|  11|0x0000000742700000, 0x0000000742800000, 0x0000000742800000|100%| O|  |TAMS 0x0000000742700000, 0x0000000742800000| Untracked 
|  12|0x0000000742800000, 0x00000007428ca000, 0x0000000742900000| 78%| O|  |TAMS 0x0000000742800000, 0x00000007428ca000| Untracked 
|  13|0x0000000742900000, 0x0000000742900000, 0x0000000742a00000|  0%| F|  |TAMS 0x0000000742900000, 0x0000000742900000| Untracked 
|  14|0x0000000742a00000, 0x0000000742a00000, 0x0000000742b00000|  0%| F|  |TAMS 0x0000000742a00000, 0x0000000742a00000| Untracked 
|  15|0x0000000742b00000, 0x0000000742b00000, 0x0000000742c00000|  0%| F|  |TAMS 0x0000000742b00000, 0x0000000742b00000| Untracked 
|  16|0x0000000742c00000, 0x0000000742c00000, 0x0000000742d00000|  0%| F|  |TAMS 0x0000000742c00000, 0x0000000742c00000| Untracked 
|  17|0x0000000742d00000, 0x0000000742d00000, 0x0000000742e00000|  0%| F|  |TAMS 0x0000000742d00000, 0x0000000742d00000| Untracked 
|  18|0x0000000742e00000, 0x0000000742e00000, 0x0000000742f00000|  0%| F|  |TAMS 0x0000000742e00000, 0x0000000742e00000| Untracked 
|  19|0x0000000742f00000, 0x0000000742f00000, 0x0000000743000000|  0%| F|  |TAMS 0x0000000742f00000, 0x0000000742f00000| Untracked 
|  20|0x0000000743000000, 0x0000000743000000, 0x0000000743100000|  0%| F|  |TAMS 0x0000000743000000, 0x0000000743000000| Untracked 
|  21|0x0000000743100000, 0x0000000743100000, 0x0000000743200000|  0%| F|  |TAMS 0x0000000743100000, 0x0000000743100000| Untracked 
|  22|0x0000000743200000, 0x0000000743200000, 0x0000000743300000|  0%| F|  |TAMS 0x0000000743200000, 0x0000000743200000| Untracked 
|  23|0x0000000743300000, 0x0000000743300000, 0x0000000743400000|  0%| F|  |TAMS 0x0000000743300000, 0x0000000743300000| Untracked 
|  24|0x0000000743400000, 0x0000000743400000, 0x0000000743500000|  0%| F|  |TAMS 0x0000000743400000, 0x0000000743400000| Untracked 
|  25|0x0000000743500000, 0x0000000743500000, 0x0000000743600000|  0%| F|  |TAMS 0x0000000743500000, 0x0000000743500000| Untracked 
|  26|0x0000000743600000, 0x0000000743600000, 0x0000000743700000|  0%| F|  |TAMS 0x0000000743600000, 0x0000000743600000| Untracked 
|  27|0x0000000743700000, 0x0000000743700000, 0x0000000743800000|  0%| F|  |TAMS 0x0000000743700000, 0x0000000743700000| Untracked 
|  28|0x0000000743800000, 0x0000000743800000, 0x0000000743900000|  0%| F|  |TAMS 0x0000000743800000, 0x0000000743800000| Untracked 
|  29|0x0000000743900000, 0x0000000743900000, 0x0000000743a00000|  0%| F|  |TAMS 0x0000000743900000, 0x0000000743900000| Untracked 
|  30|0x0000000743a00000, 0x0000000743a00000, 0x0000000743b00000|  0%| F|  |TAMS 0x0000000743a00000, 0x0000000743a00000| Untracked 
|  31|0x0000000743b00000, 0x0000000743b00000, 0x0000000743c00000|  0%| F|  |TAMS 0x0000000743b00000, 0x0000000743b00000| Untracked 
|  32|0x0000000743c00000, 0x0000000743c00000, 0x0000000743d00000|  0%| F|  |TAMS 0x0000000743c00000, 0x0000000743c00000| Untracked 
|  33|0x0000000743d00000, 0x0000000743d00000, 0x0000000743e00000|  0%| F|  |TAMS 0x0000000743d00000, 0x0000000743d00000| Untracked 
|  34|0x0000000743e00000, 0x0000000743e00000, 0x0000000743f00000|  0%| F|  |TAMS 0x0000000743e00000, 0x0000000743e00000| Untracked 
|  35|0x0000000743f00000, 0x0000000743f00000, 0x0000000744000000|  0%| F|  |TAMS 0x0000000743f00000, 0x0000000743f00000| Untracked 
|  36|0x0000000744000000, 0x0000000744000000, 0x0000000744100000|  0%| F|  |TAMS 0x0000000744000000, 0x0000000744000000| Untracked 
|  37|0x0000000744100000, 0x0000000744100000, 0x0000000744200000|  0%| F|  |TAMS 0x0000000744100000, 0x0000000744100000| Untracked 
|  38|0x0000000744200000, 0x0000000744200000, 0x0000000744300000|  0%| F|  |TAMS 0x0000000744200000, 0x0000000744200000| Untracked 
|  39|0x0000000744300000, 0x0000000744300000, 0x0000000744400000|  0%| F|  |TAMS 0x0000000744300000, 0x0000000744300000| Untracked 
|  40|0x0000000744400000, 0x0000000744400000, 0x0000000744500000|  0%| F|  |TAMS 0x0000000744400000, 0x0000000744400000| Untracked 
|  41|0x0000000744500000, 0x0000000744500000, 0x0000000744600000|  0%| F|  |TAMS 0x0000000744500000, 0x0000000744500000| Untracked 
|  42|0x0000000744600000, 0x0000000744600000, 0x0000000744700000|  0%| F|  |TAMS 0x0000000744600000, 0x0000000744600000| Untracked 
|  43|0x0000000744700000, 0x0000000744700000, 0x0000000744800000|  0%| F|  |TAMS 0x0000000744700000, 0x0000000744700000| Untracked 
|  44|0x0000000744800000, 0x0000000744800000, 0x0000000744900000|  0%| F|  |TAMS 0x0000000744800000, 0x0000000744800000| Untracked 
|  45|0x0000000744900000, 0x0000000744900000, 0x0000000744a00000|  0%| F|  |TAMS 0x0000000744900000, 0x0000000744900000| Untracked 
|  46|0x0000000744a00000, 0x0000000744a00000, 0x0000000744b00000|  0%| F|  |TAMS 0x0000000744a00000, 0x0000000744a00000| Untracked 
|  47|0x0000000744b00000, 0x0000000744b00000, 0x0000000744c00000|  0%| F|  |TAMS 0x0000000744b00000, 0x0000000744b00000| Untracked 
|  48|0x0000000744c00000, 0x0000000744c00000, 0x0000000744d00000|  0%| F|  |TAMS 0x0000000744c00000, 0x0000000744c00000| Untracked 
|  49|0x0000000744d00000, 0x0000000744d00000, 0x0000000744e00000|  0%| F|  |TAMS 0x0000000744d00000, 0x0000000744d00000| Untracked 
|  50|0x0000000744e00000, 0x0000000744e00000, 0x0000000744f00000|  0%| F|  |TAMS 0x0000000744e00000, 0x0000000744e00000| Untracked 
|  51|0x0000000744f00000, 0x0000000744f00000, 0x0000000745000000|  0%| F|  |TAMS 0x0000000744f00000, 0x0000000744f00000| Untracked 
|  52|0x0000000745000000, 0x0000000745000000, 0x0000000745100000|  0%| F|  |TAMS 0x0000000745000000, 0x0000000745000000| Untracked 
|  53|0x0000000745100000, 0x0000000745100000, 0x0000000745200000|  0%| F|  |TAMS 0x0000000745100000, 0x0000000745100000| Untracked 
|  54|0x0000000745200000, 0x0000000745200000, 0x0000000745300000|  0%| F|  |TAMS 0x0000000745200000, 0x0000000745200000| Untracked 
|  55|0x0000000745300000, 0x0000000745300000, 0x0000000745400000|  0%| F|  |TAMS 0x0000000745300000, 0x0000000745300000| Untracked 
|  56|0x0000000745400000, 0x0000000745400000, 0x0000000745500000|  0%| F|  |TAMS 0x0000000745400000, 0x0000000745400000| Untracked 
|  57|0x0000000745500000, 0x0000000745500000, 0x0000000745600000|  0%| F|  |TAMS 0x0000000745500000, 0x0000000745500000| Untracked 
|  58|0x0000000745600000, 0x0000000745600000, 0x0000000745700000|  0%| F|  |TAMS 0x0000000745600000, 0x0000000745600000| Untracked 
|  59|0x0000000745700000, 0x0000000745700000, 0x0000000745800000|  0%| F|  |TAMS 0x0000000745700000, 0x0000000745700000| Untracked 
|  60|0x0000000745800000, 0x0000000745800000, 0x0000000745900000|  0%| F|  |TAMS 0x0000000745800000, 0x0000000745800000| Untracked 
|  61|0x0000000745900000, 0x0000000745900000, 0x0000000745a00000|  0%| F|  |TAMS 0x0000000745900000, 0x0000000745900000| Untracked 
|  62|0x0000000745a00000, 0x0000000745a00000, 0x0000000745b00000|  0%| F|  |TAMS 0x0000000745a00000, 0x0000000745a00000| Untracked 
|  63|0x0000000745b00000, 0x0000000745b00000, 0x0000000745c00000|  0%| F|  |TAMS 0x0000000745b00000, 0x0000000745b00000| Untracked 
|  64|0x0000000745c00000, 0x0000000745c00000, 0x0000000745d00000|  0%| F|  |TAMS 0x0000000745c00000, 0x0000000745c00000| Untracked 
|  65|0x0000000745d00000, 0x0000000745d00000, 0x0000000745e00000|  0%| F|  |TAMS 0x0000000745d00000, 0x0000000745d00000| Untracked 
|  66|0x0000000745e00000, 0x0000000745e00000, 0x0000000745f00000|  0%| F|  |TAMS 0x0000000745e00000, 0x0000000745e00000| Untracked 
|  67|0x0000000745f00000, 0x0000000745f00000, 0x0000000746000000|  0%| F|  |TAMS 0x0000000745f00000, 0x0000000745f00000| Untracked 
|  68|0x0000000746000000, 0x0000000746000000, 0x0000000746100000|  0%| F|  |TAMS 0x0000000746000000, 0x0000000746000000| Untracked 
|  69|0x0000000746100000, 0x0000000746100000, 0x0000000746200000|  0%| F|  |TAMS 0x0000000746100000, 0x0000000746100000| Untracked 
|  70|0x0000000746200000, 0x0000000746200000, 0x0000000746300000|  0%| F|  |TAMS 0x0000000746200000, 0x0000000746200000| Untracked 
|  71|0x0000000746300000, 0x0000000746300000, 0x0000000746400000|  0%| F|  |TAMS 0x0000000746300000, 0x0000000746300000| Untracked 
|  72|0x0000000746400000, 0x0000000746400000, 0x0000000746500000|  0%| F|  |TAMS 0x0000000746400000, 0x0000000746400000| Untracked 
|  73|0x0000000746500000, 0x0000000746500000, 0x0000000746600000|  0%| F|  |TAMS 0x0000000746500000, 0x0000000746500000| Untracked 
|  74|0x0000000746600000, 0x0000000746600000, 0x0000000746700000|  0%| F|  |TAMS 0x0000000746600000, 0x0000000746600000| Untracked 
|  75|0x0000000746700000, 0x0000000746700000, 0x0000000746800000|  0%| F|  |TAMS 0x0000000746700000, 0x0000000746700000| Untracked 
|  76|0x0000000746800000, 0x0000000746800000, 0x0000000746900000|  0%| F|  |TAMS 0x0000000746800000, 0x0000000746800000| Untracked 
|  77|0x0000000746900000, 0x0000000746900000, 0x0000000746a00000|  0%| F|  |TAMS 0x0000000746900000, 0x0000000746900000| Untracked 
|  78|0x0000000746a00000, 0x0000000746a00000, 0x0000000746b00000|  0%| F|  |TAMS 0x0000000746a00000, 0x0000000746a00000| Untracked 
|  79|0x0000000746b00000, 0x0000000746b00000, 0x0000000746c00000|  0%| F|  |TAMS 0x0000000746b00000, 0x0000000746b00000| Untracked 
|  80|0x0000000746c00000, 0x0000000746c00000, 0x0000000746d00000|  0%| F|  |TAMS 0x0000000746c00000, 0x0000000746c00000| Untracked 
|  81|0x0000000746d00000, 0x0000000746d00000, 0x0000000746e00000|  0%| F|  |TAMS 0x0000000746d00000, 0x0000000746d00000| Untracked 
|  82|0x0000000746e00000, 0x0000000746e00000, 0x0000000746f00000|  0%| F|  |TAMS 0x0000000746e00000, 0x0000000746e00000| Untracked 
|  83|0x0000000746f00000, 0x0000000746f00000, 0x0000000747000000|  0%| F|  |TAMS 0x0000000746f00000, 0x0000000746f00000| Untracked 
|  84|0x0000000747000000, 0x0000000747000000, 0x0000000747100000|  0%| F|  |TAMS 0x0000000747000000, 0x0000000747000000| Untracked 
|  85|0x0000000747100000, 0x0000000747100000, 0x0000000747200000|  0%| F|  |TAMS 0x0000000747100000, 0x0000000747100000| Untracked 
|  86|0x0000000747200000, 0x0000000747200000, 0x0000000747300000|  0%| F|  |TAMS 0x0000000747200000, 0x0000000747200000| Untracked 
|  87|0x0000000747300000, 0x0000000747300000, 0x0000000747400000|  0%| F|  |TAMS 0x0000000747300000, 0x0000000747300000| Untracked 
|  88|0x0000000747400000, 0x0000000747400000, 0x0000000747500000|  0%| F|  |TAMS 0x0000000747400000, 0x0000000747400000| Untracked 
|  89|0x0000000747500000, 0x0000000747500000, 0x0000000747600000|  0%| F|  |TAMS 0x0000000747500000, 0x0000000747500000| Untracked 
|  90|0x0000000747600000, 0x0000000747600000, 0x0000000747700000|  0%| F|  |TAMS 0x0000000747600000, 0x0000000747600000| Untracked 
|  91|0x0000000747700000, 0x0000000747700000, 0x0000000747800000|  0%| F|  |TAMS 0x0000000747700000, 0x0000000747700000| Untracked 
|  92|0x0000000747800000, 0x0000000747800000, 0x0000000747900000|  0%| F|  |TAMS 0x0000000747800000, 0x0000000747800000| Untracked 
|  93|0x0000000747900000, 0x0000000747900000, 0x0000000747a00000|  0%| F|  |TAMS 0x0000000747900000, 0x0000000747900000| Untracked 
|  94|0x0000000747a00000, 0x0000000747a00000, 0x0000000747b00000|  0%| F|  |TAMS 0x0000000747a00000, 0x0000000747a00000| Untracked 
|  95|0x0000000747b00000, 0x0000000747b00000, 0x0000000747c00000|  0%| F|  |TAMS 0x0000000747b00000, 0x0000000747b00000| Untracked 
|  96|0x0000000747c00000, 0x0000000747c00000, 0x0000000747d00000|  0%| F|  |TAMS 0x0000000747c00000, 0x0000000747c00000| Untracked 
|  97|0x0000000747d00000, 0x0000000747d00000, 0x0000000747e00000|  0%| F|  |TAMS 0x0000000747d00000, 0x0000000747d00000| Untracked 
|  98|0x0000000747e00000, 0x0000000747e00000, 0x0000000747f00000|  0%| F|  |TAMS 0x0000000747e00000, 0x0000000747e00000| Untracked 
|  99|0x0000000747f00000, 0x0000000747f00000, 0x0000000748000000|  0%| F|  |TAMS 0x0000000747f00000, 0x0000000747f00000| Untracked 
| 100|0x0000000748000000, 0x0000000748000000, 0x0000000748100000|  0%| F|  |TAMS 0x0000000748000000, 0x0000000748000000| Untracked 
| 101|0x0000000748100000, 0x0000000748100000, 0x0000000748200000|  0%| F|  |TAMS 0x0000000748100000, 0x0000000748100000| Untracked 
| 102|0x0000000748200000, 0x0000000748200000, 0x0000000748300000|  0%| F|  |TAMS 0x0000000748200000, 0x0000000748200000| Untracked 
| 103|0x0000000748300000, 0x0000000748300000, 0x0000000748400000|  0%| F|  |TAMS 0x0000000748300000, 0x0000000748300000| Untracked 
| 104|0x0000000748400000, 0x0000000748400000, 0x0000000748500000|  0%| F|  |TAMS 0x0000000748400000, 0x0000000748400000| Untracked 
| 105|0x0000000748500000, 0x0000000748500000, 0x0000000748600000|  0%| F|  |TAMS 0x0000000748500000, 0x0000000748500000| Untracked 
| 106|0x0000000748600000, 0x0000000748600000, 0x0000000748700000|  0%| F|  |TAMS 0x0000000748600000, 0x0000000748600000| Untracked 
| 107|0x0000000748700000, 0x0000000748700000, 0x0000000748800000|  0%| F|  |TAMS 0x0000000748700000, 0x0000000748700000| Untracked 
| 108|0x0000000748800000, 0x0000000748800000, 0x0000000748900000|  0%| F|  |TAMS 0x0000000748800000, 0x0000000748800000| Untracked 
| 109|0x0000000748900000, 0x0000000748900000, 0x0000000748a00000|  0%| F|  |TAMS 0x0000000748900000, 0x0000000748900000| Untracked 
| 110|0x0000000748a00000, 0x0000000748a00000, 0x0000000748b00000|  0%| F|  |TAMS 0x0000000748a00000, 0x0000000748a00000| Untracked 
| 111|0x0000000748b00000, 0x0000000748b00000, 0x0000000748c00000|  0%| F|  |TAMS 0x0000000748b00000, 0x0000000748b00000| Untracked 
| 112|0x0000000748c00000, 0x0000000748c00000, 0x0000000748d00000|  0%| F|  |TAMS 0x0000000748c00000, 0x0000000748c00000| Untracked 
| 113|0x0000000748d00000, 0x0000000748d00000, 0x0000000748e00000|  0%| F|  |TAMS 0x0000000748d00000, 0x0000000748d00000| Untracked 
| 114|0x0000000748e00000, 0x0000000748e00000, 0x0000000748f00000|  0%| F|  |TAMS 0x0000000748e00000, 0x0000000748e00000| Untracked 
| 115|0x0000000748f00000, 0x0000000748f00000, 0x0000000749000000|  0%| F|  |TAMS 0x0000000748f00000, 0x0000000748f00000| Untracked 
| 116|0x0000000749000000, 0x0000000749000000, 0x0000000749100000|  0%| F|  |TAMS 0x0000000749000000, 0x0000000749000000| Untracked 
| 117|0x0000000749100000, 0x0000000749100000, 0x0000000749200000|  0%| F|  |TAMS 0x0000000749100000, 0x0000000749100000| Untracked 
| 118|0x0000000749200000, 0x0000000749200000, 0x0000000749300000|  0%| F|  |TAMS 0x0000000749200000, 0x0000000749200000| Untracked 
| 119|0x0000000749300000, 0x0000000749300000, 0x0000000749400000|  0%| F|  |TAMS 0x0000000749300000, 0x0000000749300000| Untracked 
| 120|0x0000000749400000, 0x0000000749400000, 0x0000000749500000|  0%| F|  |TAMS 0x0000000749400000, 0x0000000749400000| Untracked 
| 121|0x0000000749500000, 0x0000000749500000, 0x0000000749600000|  0%| F|  |TAMS 0x0000000749500000, 0x0000000749500000| Untracked 
| 122|0x0000000749600000, 0x0000000749600000, 0x0000000749700000|  0%| F|  |TAMS 0x0000000749600000, 0x0000000749600000| Untracked 
| 123|0x0000000749700000, 0x0000000749700000, 0x0000000749800000|  0%| F|  |TAMS 0x0000000749700000, 0x0000000749700000| Untracked 
| 124|0x0000000749800000, 0x0000000749800000, 0x0000000749900000|  0%| F|  |TAMS 0x0000000749800000, 0x0000000749800000| Untracked 
| 125|0x0000000749900000, 0x0000000749900000, 0x0000000749a00000|  0%| F|  |TAMS 0x0000000749900000, 0x0000000749900000| Untracked 
| 126|0x0000000749a00000, 0x0000000749a00000, 0x0000000749b00000|  0%| F|  |TAMS 0x0000000749a00000, 0x0000000749a00000| Untracked 
| 127|0x0000000749b00000, 0x0000000749b00000, 0x0000000749c00000|  0%| F|  |TAMS 0x0000000749b00000, 0x0000000749b00000| Untracked 
| 128|0x0000000749c00000, 0x0000000749c00000, 0x0000000749d00000|  0%| F|  |TAMS 0x0000000749c00000, 0x0000000749c00000| Untracked 
| 129|0x0000000749d00000, 0x0000000749d00000, 0x0000000749e00000|  0%| F|  |TAMS 0x0000000749d00000, 0x0000000749d00000| Untracked 
| 130|0x0000000749e00000, 0x0000000749e00000, 0x0000000749f00000|  0%| F|  |TAMS 0x0000000749e00000, 0x0000000749e00000| Untracked 
| 131|0x0000000749f00000, 0x0000000749f00000, 0x000000074a000000|  0%| F|  |TAMS 0x0000000749f00000, 0x0000000749f00000| Untracked 
| 132|0x000000074a000000, 0x000000074a000000, 0x000000074a100000|  0%| F|  |TAMS 0x000000074a000000, 0x000000074a000000| Untracked 
| 133|0x000000074a100000, 0x000000074a100000, 0x000000074a200000|  0%| F|  |TAMS 0x000000074a100000, 0x000000074a100000| Untracked 
| 134|0x000000074a200000, 0x000000074a200000, 0x000000074a300000|  0%| F|  |TAMS 0x000000074a200000, 0x000000074a200000| Untracked 
| 135|0x000000074a300000, 0x000000074a300000, 0x000000074a400000|  0%| F|  |TAMS 0x000000074a300000, 0x000000074a300000| Untracked 
| 136|0x000000074a400000, 0x000000074a400000, 0x000000074a500000|  0%| F|  |TAMS 0x000000074a400000, 0x000000074a400000| Untracked 
| 137|0x000000074a500000, 0x000000074a500000, 0x000000074a600000|  0%| F|  |TAMS 0x000000074a500000, 0x000000074a500000| Untracked 
| 138|0x000000074a600000, 0x000000074a600000, 0x000000074a700000|  0%| F|  |TAMS 0x000000074a600000, 0x000000074a600000| Untracked 
| 139|0x000000074a700000, 0x000000074a700000, 0x000000074a800000|  0%| F|  |TAMS 0x000000074a700000, 0x000000074a700000| Untracked 
| 140|0x000000074a800000, 0x000000074a800000, 0x000000074a900000|  0%| F|  |TAMS 0x000000074a800000, 0x000000074a800000| Untracked 
| 141|0x000000074a900000, 0x000000074a900000, 0x000000074aa00000|  0%| F|  |TAMS 0x000000074a900000, 0x000000074a900000| Untracked 
| 142|0x000000074aa00000, 0x000000074aa00000, 0x000000074ab00000|  0%| F|  |TAMS 0x000000074aa00000, 0x000000074aa00000| Untracked 
| 143|0x000000074ab00000, 0x000000074ab00000, 0x000000074ac00000|  0%| F|  |TAMS 0x000000074ab00000, 0x000000074ab00000| Untracked 
| 144|0x000000074ac00000, 0x000000074ac00000, 0x000000074ad00000|  0%| F|  |TAMS 0x000000074ac00000, 0x000000074ac00000| Untracked 
| 145|0x000000074ad00000, 0x000000074ad00000, 0x000000074ae00000|  0%| F|  |TAMS 0x000000074ad00000, 0x000000074ad00000| Untracked 
| 146|0x000000074ae00000, 0x000000074ae00000, 0x000000074af00000|  0%| F|  |TAMS 0x000000074ae00000, 0x000000074ae00000| Untracked 
| 147|0x000000074af00000, 0x000000074af00000, 0x000000074b000000|  0%| F|  |TAMS 0x000000074af00000, 0x000000074af00000| Untracked 
| 148|0x000000074b000000, 0x000000074b000000, 0x000000074b100000|  0%| F|  |TAMS 0x000000074b000000, 0x000000074b000000| Untracked 
| 149|0x000000074b100000, 0x000000074b100000, 0x000000074b200000|  0%| F|  |TAMS 0x000000074b100000, 0x000000074b100000| Untracked 
| 150|0x000000074b200000, 0x000000074b200000, 0x000000074b300000|  0%| F|  |TAMS 0x000000074b200000, 0x000000074b200000| Untracked 
| 151|0x000000074b300000, 0x000000074b300000, 0x000000074b400000|  0%| F|  |TAMS 0x000000074b300000, 0x000000074b300000| Untracked 
| 152|0x000000074b400000, 0x000000074b400000, 0x000000074b500000|  0%| F|  |TAMS 0x000000074b400000, 0x000000074b400000| Untracked 
| 153|0x000000074b500000, 0x000000074b500000, 0x000000074b600000|  0%| F|  |TAMS 0x000000074b500000, 0x000000074b500000| Untracked 
| 154|0x000000074b600000, 0x000000074b600000, 0x000000074b700000|  0%| F|  |TAMS 0x000000074b600000, 0x000000074b600000| Untracked 
| 155|0x000000074b700000, 0x000000074b700000, 0x000000074b800000|  0%| F|  |TAMS 0x000000074b700000, 0x000000074b700000| Untracked 
| 156|0x000000074b800000, 0x000000074b800000, 0x000000074b900000|  0%| F|  |TAMS 0x000000074b800000, 0x000000074b800000| Untracked 
| 157|0x000000074b900000, 0x000000074b900000, 0x000000074ba00000|  0%| F|  |TAMS 0x000000074b900000, 0x000000074b900000| Untracked 
| 158|0x000000074ba00000, 0x000000074ba00000, 0x000000074bb00000|  0%| F|  |TAMS 0x000000074ba00000, 0x000000074ba00000| Untracked 
| 159|0x000000074bb00000, 0x000000074bb00000, 0x000000074bc00000|  0%| F|  |TAMS 0x000000074bb00000, 0x000000074bb00000| Untracked 
| 160|0x000000074bc00000, 0x000000074bc00000, 0x000000074bd00000|  0%| F|  |TAMS 0x000000074bc00000, 0x000000074bc00000| Untracked 
| 161|0x000000074bd00000, 0x000000074bd00000, 0x000000074be00000|  0%| F|  |TAMS 0x000000074bd00000, 0x000000074bd00000| Untracked 
| 162|0x000000074be00000, 0x000000074be00000, 0x000000074bf00000|  0%| F|  |TAMS 0x000000074be00000, 0x000000074be00000| Untracked 
| 163|0x000000074bf00000, 0x000000074bf00000, 0x000000074c000000|  0%| F|  |TAMS 0x000000074bf00000, 0x000000074bf00000| Untracked 
| 164|0x000000074c000000, 0x000000074c07fc08, 0x000000074c100000| 49%| S|CS|TAMS 0x000000074c000000, 0x000000074c000000| Complete 
| 165|0x000000074c100000, 0x000000074c200000, 0x000000074c200000|100%| S|CS|TAMS 0x000000074c100000, 0x000000074c100000| Complete 
| 166|0x000000074c200000, 0x000000074c300000, 0x000000074c300000|100%| S|CS|TAMS 0x000000074c200000, 0x000000074c200000| Complete 
| 167|0x000000074c300000, 0x000000074c300000, 0x000000074c400000|  0%| F|  |TAMS 0x000000074c300000, 0x000000074c300000| Untracked 
| 168|0x000000074c400000, 0x000000074c400000, 0x000000074c500000|  0%| F|  |TAMS 0x000000074c400000, 0x000000074c400000| Untracked 
| 169|0x000000074c500000, 0x000000074c500000, 0x000000074c600000|  0%| F|  |TAMS 0x000000074c500000, 0x000000074c500000| Untracked 
| 170|0x000000074c600000, 0x000000074c600000, 0x000000074c700000|  0%| F|  |TAMS 0x000000074c600000, 0x000000074c600000| Untracked 
| 171|0x000000074c700000, 0x000000074c700000, 0x000000074c800000|  0%| F|  |TAMS 0x000000074c700000, 0x000000074c700000| Untracked 
| 172|0x000000074c800000, 0x000000074c800000, 0x000000074c900000|  0%| F|  |TAMS 0x000000074c800000, 0x000000074c800000| Untracked 
| 173|0x000000074c900000, 0x000000074c900000, 0x000000074ca00000|  0%| F|  |TAMS 0x000000074c900000, 0x000000074c900000| Untracked 
| 174|0x000000074ca00000, 0x000000074ca00000, 0x000000074cb00000|  0%| F|  |TAMS 0x000000074ca00000, 0x000000074ca00000| Untracked 
| 175|0x000000074cb00000, 0x000000074cb00000, 0x000000074cc00000|  0%| F|  |TAMS 0x000000074cb00000, 0x000000074cb00000| Untracked 
| 176|0x000000074cc00000, 0x000000074cc00000, 0x000000074cd00000|  0%| F|  |TAMS 0x000000074cc00000, 0x000000074cc00000| Untracked 
| 177|0x000000074cd00000, 0x000000074cd00000, 0x000000074ce00000|  0%| F|  |TAMS 0x000000074cd00000, 0x000000074cd00000| Untracked 
| 178|0x000000074ce00000, 0x000000074ce00000, 0x000000074cf00000|  0%| F|  |TAMS 0x000000074ce00000, 0x000000074ce00000| Untracked 
| 179|0x000000074cf00000, 0x000000074cf00000, 0x000000074d000000|  0%| F|  |TAMS 0x000000074cf00000, 0x000000074cf00000| Untracked 
| 180|0x000000074d000000, 0x000000074d000000, 0x000000074d100000|  0%| F|  |TAMS 0x000000074d000000, 0x000000074d000000| Untracked 
| 181|0x000000074d100000, 0x000000074d100000, 0x000000074d200000|  0%| F|  |TAMS 0x000000074d100000, 0x000000074d100000| Untracked 
| 182|0x000000074d200000, 0x000000074d200000, 0x000000074d300000|  0%| F|  |TAMS 0x000000074d200000, 0x000000074d200000| Untracked 
| 183|0x000000074d300000, 0x000000074d300000, 0x000000074d400000|  0%| F|  |TAMS 0x000000074d300000, 0x000000074d300000| Untracked 
| 184|0x000000074d400000, 0x000000074d400000, 0x000000074d500000|  0%| F|  |TAMS 0x000000074d400000, 0x000000074d400000| Untracked 
| 185|0x000000074d500000, 0x000000074d500000, 0x000000074d600000|  0%| F|  |TAMS 0x000000074d500000, 0x000000074d500000| Untracked 
| 186|0x000000074d600000, 0x000000074d600000, 0x000000074d700000|  0%| F|  |TAMS 0x000000074d600000, 0x000000074d600000| Untracked 
| 187|0x000000074d700000, 0x000000074d700000, 0x000000074d800000|  0%| F|  |TAMS 0x000000074d700000, 0x000000074d700000| Untracked 
| 188|0x000000074d800000, 0x000000074d800000, 0x000000074d900000|  0%| F|  |TAMS 0x000000074d800000, 0x000000074d800000| Untracked 
| 189|0x000000074d900000, 0x000000074d900000, 0x000000074da00000|  0%| F|  |TAMS 0x000000074d900000, 0x000000074d900000| Untracked 
| 190|0x000000074da00000, 0x000000074da00000, 0x000000074db00000|  0%| F|  |TAMS 0x000000074da00000, 0x000000074da00000| Untracked 
| 191|0x000000074db00000, 0x000000074db00000, 0x000000074dc00000|  0%| F|  |TAMS 0x000000074db00000, 0x000000074db00000| Untracked 

Card table byte_map: [0x000002327ae20000,0x000002327b420000] _byte_map_base: 0x0000023277412000

Marking Bits (Prev, Next): (CMBitMap*) 0x0000023270671870, (CMBitMap*) 0x0000023270671838
 Prev Bits: [0x000002320f000000, 0x0000023211f90000)
 Next Bits: [0x000002327ba20000, 0x000002327e9b0000)

Polling page: 0x00000232706f0000

Metaspace:

Usage:
  Non-class:     22.72 MB capacity,    22.26 MB ( 98%) used,   376.38 KB (  2%) free+waste,    95.94 KB ( <1%) overhead. 
      Class:      3.48 MB capacity,     3.10 MB ( 89%) used,   332.73 KB (  9%) free+waste,    48.56 KB (  1%) overhead. 
       Both:     26.20 MB capacity,    25.36 MB ( 97%) used,   709.12 KB (  3%) free+waste,   144.50 KB ( <1%) overhead. 

Virtual space:
  Non-class space:       32.00 MB reserved,      22.75 MB ( 71%) committed 
      Class space:        1.00 GB reserved,       3.50 MB ( <1%) committed 
             Both:        1.03 GB reserved,      26.25 MB (  2%) committed 

Chunk freelists:
   Non-Class:  4.00 KB
       Class:  3.00 KB
        Both:  7.00 KB

CodeHeap 'non-profiled nmethods': size=120064Kb used=1404Kb max_used=1404Kb free=118659Kb
 bounds [0x0000023207ac0000, 0x0000023207d30000, 0x000002320f000000]
CodeHeap 'profiled nmethods': size=120000Kb used=6132Kb max_used=6132Kb free=113867Kb
 bounds [0x0000023200590000, 0x0000023200b90000, 0x0000023207ac0000]
CodeHeap 'non-nmethods': size=5696Kb used=1346Kb max_used=1362Kb free=4349Kb
 bounds [0x0000023200000000, 0x0000023200270000, 0x0000023200590000]
 total_blobs=4641 nmethods=3137 adapters=673
 compilation: enabled
              stopped_count=0, restarted_count=0
 full_count=0

Compilation events (10 events):
Event: 145.409 Thread 0x000002327f8eb000 3140       3       jdk.internal.reflect.ReflectionFactory::copyConstructor (10 bytes)
Event: 145.409 Thread 0x000002327f8eb000 nmethod 3140 0x0000023200b8b010 code [0x0000023200b8b1e0, 0x0000023200b8b570]
Event: 145.409 Thread 0x000002327f8eb000 3141       3       java.lang.reflect.ReflectAccess::copyConstructor (5 bytes)
Event: 145.409 Thread 0x000002327f8eb000 nmethod 3141 0x0000023200b8b710 code [0x0000023200b8b8c0, 0x0000023200b8ba50]
Event: 145.409 Thread 0x000002327f8eb000 3142       3       java.lang.reflect.Constructor::copy (72 bytes)
Event: 145.410 Thread 0x000002327f8eb000 nmethod 3142 0x0000023200b8bb10 code [0x0000023200b8bce0, 0x0000023200b8c120]
Event: 145.410 Thread 0x000002327f8eb000 3143       3       java.lang.reflect.Constructor::<init> (50 bytes)
Event: 145.410 Thread 0x000002327f8eb000 nmethod 3143 0x0000023200b8c210 code [0x0000023200b8c3e0, 0x0000023200b8c8d8]
Event: 145.413 Thread 0x000002327f8eb000 3144       3       sun.security.x509.X509CertImpl::getEncodedInternal (20 bytes)
Event: 145.413 Thread 0x000002327f8eb000 nmethod 3144 0x0000023200b8ca10 code [0x0000023200b8cc00, 0x0000023200b8d1a0]

GC Heap History (6 events):
Event: 1.796 GC heap before
{Heap before GC invocations=0 (full 0):
 garbage-first heap   total 196608K, used 13312K [0x0000000741c00000, 0x0000000800000000)
  region size 1024K, 14 young (14336K), 0 survivors (0K)
 Metaspace       used 9858K, capacity 10169K, committed 10368K, reserved 1058816K
  class space    used 961K, capacity 1072K, committed 1152K, reserved 1048576K
}
Event: 1.823 GC heap after
{Heap after GC invocations=1 (full 0):
 garbage-first heap   total 196608K, used 2927K [0x0000000741c00000, 0x0000000800000000)
  region size 1024K, 2 young (2048K), 2 survivors (2048K)
 Metaspace       used 9858K, capacity 10169K, committed 10368K, reserved 1058816K
  class space    used 961K, capacity 1072K, committed 1152K, reserved 1048576K
}
Event: 5.651 GC heap before
{Heap before GC invocations=1 (full 0):
 garbage-first heap   total 196608K, used 42863K [0x0000000741c00000, 0x0000000800000000)
  region size 1024K, 38 young (38912K), 2 survivors (2048K)
 Metaspace       used 20632K, capacity 21194K, committed 21248K, reserved 1067008K
  class space    used 2524K, capacity 2783K, committed 2816K, reserved 1048576K
}
Event: 5.662 GC heap after
{Heap after GC invocations=2 (full 0):
 garbage-first heap   total 196608K, used 11429K [0x0000000741c00000, 0x0000000800000000)
  region size 1024K, 7 young (7168K), 7 survivors (7168K)
 Metaspace       used 20632K, capacity 21194K, committed 21248K, reserved 1067008K
  class space    used 2524K, capacity 2783K, committed 2816K, reserved 1048576K
}
Event: 145.425 GC heap before
{Heap before GC invocations=3 (full 0):
 garbage-first heap   total 196608K, used 37029K [0x0000000741c00000, 0x0000000800000000)
  region size 1024K, 32 young (32768K), 7 survivors (7168K)
 Metaspace       used 25970K, capacity 26824K, committed 26880K, reserved 1079296K
  class space    used 3178K, capacity 3560K, committed 3584K, reserved 1048576K
}
Event: 145.518 GC heap after
{Heap after GC invocations=4 (full 0):
 garbage-first heap   total 196608K, used 15655K [0x0000000741c00000, 0x0000000800000000)
  region size 1024K, 3 young (3072K), 3 survivors (3072K)
 Metaspace       used 25970K, capacity 26824K, committed 26880K, reserved 1079296K
  class space    used 3178K, capacity 3560K, committed 3584K, reserved 1048576K
}

Deoptimization events (10 events):
Event: 143.615 Thread 0x0000023214e4d000 Uncommon trap: reason=unstable_if action=reinterpret pc=0x0000023207c0a22c method=javafx.scene.Node.updateBounds()V @ 116 c2
Event: 143.615 Thread 0x0000023214e4d000 Uncommon trap: reason=unstable_if action=reinterpret pc=0x0000023207c0a22c method=javafx.scene.Node.updateBounds()V @ 116 c2
Event: 143.619 Thread 0x00000232149e1000 Uncommon trap: reason=unstable_if action=reinterpret pc=0x0000023207bcb1b4 method=com.sun.marlin.DRenderer._endRendering(IILcom/sun/marlin/MarlinAlphaConsumer;)V @ 207 c2
Event: 143.622 Thread 0x00000232149e1000 Uncommon trap: reason=unstable_if action=reinterpret pc=0x0000023207bc31cc method=com.sun.marlin.DRenderer._endRendering(IILcom/sun/marlin/MarlinAlphaConsumer;)V @ 1956 c2
Event: 143.625 Thread 0x00000232149e1000 Uncommon trap: reason=unstable_if action=reinterpret pc=0x0000023207bbc37c method=com.sun.marlin.DRenderer._endRendering(IILcom/sun/marlin/MarlinAlphaConsumer;)V @ 1940 c2
Event: 143.628 Thread 0x00000232149e1000 Uncommon trap: reason=unstable_if action=reinterpret pc=0x0000023207be7db0 method=com.sun.prism.impl.BaseContext.flushMask()V @ 4 c2
Event: 144.475 Thread 0x0000023214e4d000 Uncommon trap: reason=unstable_if action=reinterpret pc=0x0000023207bf5bb8 method=com.sun.javafx.tk.quantum.QuantumToolkit.pulse(Z)V @ 61 c2
Event: 144.489 Thread 0x0000023215095800 Uncommon trap: reason=unstable_if action=reinterpret pc=0x0000023207beb9f8 method=com.sun.javafx.tk.quantum.QuantumToolkit.postPulse()V @ 17 c2
Event: 145.099 Thread 0x0000023214e4d000 Uncommon trap: reason=intrinsic_or_type_checked_inlining action=make_not_entrant pc=0x0000023207b7e870 method=java.util.Arrays.copyOf([Ljava/lang/Object;ILjava/lang/Class;)[Ljava/lang/Object; @ 35 c2
Event: 145.195 Thread 0x0000023214e4d000 Uncommon trap: reason=unstable_if action=reinterpret pc=0x0000023207c11960 method=java.util.jar.Manifest$FastInputStream.readLine([BII)I @ 130 c2

Classes redefined (0 events):
No events

Internal exceptions (10 events):
Event: 5.570 Thread 0x0000023214e4d000 Exception <a 'java/lang/NoSuchMethodError'{0x000000074b85dbf0}: java.lang.invoke.DirectMethodHandle$Holder.invokeInterface(Ljava/lang/Object;Ljava/lang/Object;Ljava/lang/Object;)Ljava/lang/Object;> (0x000000074b85dbf0) thrown at [./open/src/hotspot/share/
Event: 5.570 Thread 0x0000023214e4d000 Exception <a 'java/lang/IncompatibleClassChangeError'{0x000000074b860da8}: Found class java.lang.Object, but interface was expected> (0x000000074b860da8) thrown at [./open/src/hotspot/share/interpreter/linkResolver.cpp, line 838]
Event: 5.666 Thread 0x0000023214e4d000 Exception <a 'java/lang/ClassNotFoundException'{0x000000074db7ef00}: com/sun/javafx/scene/control/skin/resources/controls> (0x000000074db7ef00) thrown at [./open/src/hotspot/share/prims/jni.cpp, line 632]
Event: 5.668 Thread 0x0000023214e4d000 Exception <a 'java/lang/ClassNotFoundException'{0x000000074db8c9c0}: com/sun/javafx/scene/control/skin/resources/controls_fr> (0x000000074db8c9c0) thrown at [./open/src/hotspot/share/prims/jni.cpp, line 632]
Event: 5.669 Thread 0x0000023214e4d000 Exception <a 'java/lang/ClassNotFoundException'{0x000000074db9a460}: com/sun/javafx/scene/control/skin/resources/controls_fr_FR> (0x000000074db9a460) thrown at [./open/src/hotspot/share/prims/jni.cpp, line 632]
Event: 5.714 Thread 0x0000023214e4d000 Exception <a 'java/lang/NoSuchMethodError'{0x000000074d939238}: java.lang.invoke.DirectMethodHandle$Holder.invokeSpecial(Ljava/lang/Object;Ljava/lang/Object;Ljava/lang/Object;Ljava/lang/Object;Ljava/lang/Object;Ljava/lang/Object;)V> (0x000000074d939238) t
Event: 5.906 Thread 0x00000232149e1000 Exception <a 'java/lang/NoSuchMethodError'{0x000000074d449460}: java.lang.invoke.DirectMethodHandle$Holder.invokeStaticInit(Ljava/lang/Object;Ljava/lang/Object;)I> (0x000000074d449460) thrown at [./open/src/hotspot/share/interpreter/linkResolver.cpp, line
Event: 5.917 Thread 0x0000023214e4d000 Exception <a 'java/lang/NoSuchMethodError'{0x000000074d42d5a8}: java.lang.invoke.DirectMethodHandle$Holder.invokeStaticInit(Ljava/lang/Object;Ljava/lang/Object;Ljava/lang/Object;)J> (0x000000074d42d5a8) thrown at [./open/src/hotspot/share/interpreter/link
Event: 5.920 Thread 0x0000023214e4d000 Exception <a 'java/lang/NoSuchMethodError'{0x000000074d4f2120}: java.lang.invoke.DirectMethodHandle$Holder.invokeStatic(Ljava/lang/Object;Ljava/lang/Object;J)Ljava/lang/Object;> (0x000000074d4f2120) thrown at [./open/src/hotspot/share/interpreter/linkReso
Event: 5.921 Thread 0x0000023214e4d000 Exception <a 'java/lang/NoSuchMethodError'{0x000000074d4f8298}: java.lang.invoke.Invokers$Holder.linkToTargetMethod(Ljava/lang/Object;JLjava/lang/Object;)Ljava/lang/Object;> (0x000000074d4f8298) thrown at [./open/src/hotspot/share/interpreter/linkResolver

Events (10 events):
Event: 145.360 loading class java/sql/Driver
Event: 145.360 loading class java/sql/Driver done
Event: 145.404 loading class java/util/LinkedHashMap$LinkedKeyIterator
Event: 145.404 loading class java/util/LinkedHashMap$LinkedKeyIterator done
Event: 145.405 Thread 0x0000023214b0a800 Thread added: 0x0000023214b0a800
Event: 145.408 loading class com/microsoft/sqlserver/jdbc/ISQLServerStatement
Event: 145.408 loading class com/microsoft/sqlserver/jdbc/ISQLServerStatement done
Event: 145.411 loading class com/microsoft/sqlserver/jdbc/TDSCommand
Event: 145.411 loading class com/microsoft/sqlserver/jdbc/TDSCommand done
Event: 145.413 Executing VM operation: CollectForMetadataAllocation


Dynamic libraries:
0x00007ff73d4a0000 - 0x00007ff73d4e7000 	C:\Program Files\Java\jdk-11.0.7\bin\java.exe
0x00007ffd11000000 - 0x00007ffd111f0000 	C:\Windows\SYSTEM32\ntdll.dll
0x00007ffce1030000 - 0x00007ffce1043000 	C:\Program Files\AVAST Software\Avast\aswhook.dll
0x00007ffd10c70000 - 0x00007ffd10d22000 	C:\Windows\System32\KERNEL32.DLL
0x00007ffd0ee00000 - 0x00007ffd0f0a4000 	C:\Windows\System32\KERNELBASE.dll
0x00007ffd10a40000 - 0x00007ffd10ae3000 	C:\Windows\System32\ADVAPI32.dll
0x00007ffd10290000 - 0x00007ffd1032e000 	C:\Windows\System32\msvcrt.dll
0x00007ffd10710000 - 0x00007ffd107a7000 	C:\Windows\System32\sechost.dll
0x00007ffd10b50000 - 0x00007ffd10c70000 	C:\Windows\System32\RPCRT4.dll
0x00007ffd10390000 - 0x00007ffd10524000 	C:\Windows\System32\USER32.dll
0x00007ffd0ec80000 - 0x00007ffd0eca1000 	C:\Windows\System32\win32u.dll
0x00007ffd10530000 - 0x00007ffd10556000 	C:\Windows\System32\GDI32.dll
0x00007ffd0e130000 - 0x00007ffd0e2c4000 	C:\Windows\System32\gdi32full.dll
0x00007ffd0e090000 - 0x00007ffd0e12e000 	C:\Windows\System32\msvcp_win.dll
0x00007ffd0e350000 - 0x00007ffd0e44a000 	C:\Windows\System32\ucrtbase.dll
0x00007ffcf5640000 - 0x00007ffcf58c4000 	C:\Windows\WinSxS\amd64_microsoft.windows.common-controls_6595b64144ccf1df_6.0.18362.836_none_e6c4b943130f18ed\COMCTL32.dll
0x00007ffd0fde0000 - 0x00007ffd10116000 	C:\Windows\System32\combase.dll
0x00007ffd0e2d0000 - 0x00007ffd0e350000 	C:\Windows\System32\bcryptPrimitives.dll
0x00007ffd063f0000 - 0x00007ffd063fa000 	C:\Windows\SYSTEM32\VERSION.dll
0x00007ffd10120000 - 0x00007ffd1014e000 	C:\Windows\System32\IMM32.DLL
0x00007ffd097f0000 - 0x00007ffd09806000 	C:\Program Files\Java\jdk-11.0.7\bin\vcruntime140.dll
0x00007ffce5270000 - 0x00007ffce531a000 	C:\Program Files\Java\jdk-11.0.7\bin\msvcp140.dll
0x00007ffca6cf0000 - 0x00007ffca7851000 	C:\Program Files\Java\jdk-11.0.7\bin\server\jvm.dll
0x00007ffd10d30000 - 0x00007ffd10d38000 	C:\Windows\System32\PSAPI.DLL
0x00007ffcfc510000 - 0x00007ffcfc519000 	C:\Windows\SYSTEM32\WSOCK32.dll
0x00007ffd10860000 - 0x00007ffd108cf000 	C:\Windows\System32\WS2_32.dll
0x00007ffd04180000 - 0x00007ffd041a4000 	C:\Windows\SYSTEM32\WINMM.dll
0x00007ffd04150000 - 0x00007ffd0417d000 	C:\Windows\SYSTEM32\WINMMBASE.dll
0x00007ffd0dff0000 - 0x00007ffd0e03a000 	C:\Windows\System32\cfgmgr32.dll
0x00007ffd0ded0000 - 0x00007ffd0dee1000 	C:\Windows\System32\kernel.appcore.dll
0x00007ffd06aa0000 - 0x00007ffd06ab1000 	C:\Program Files\Java\jdk-11.0.7\bin\verify.dll
0x00007ffd0c7d0000 - 0x00007ffd0c9c4000 	C:\Windows\SYSTEM32\DBGHELP.DLL
0x00007ffd06120000 - 0x00007ffd0614a000 	C:\Windows\SYSTEM32\dbgcore.DLL
0x00007ffd06a20000 - 0x00007ffd06a49000 	C:\Program Files\Java\jdk-11.0.7\bin\java.dll
0x00007ffd09bc0000 - 0x00007ffd09bca000 	C:\Program Files\Java\jdk-11.0.7\bin\jimage.dll
0x00007ffd05180000 - 0x00007ffd051b0000 	C:\Program Files\Java\jdk-11.0.7\bin\instrument.dll
0x00007ffd060c0000 - 0x00007ffd060d6000 	C:\Program Files\Java\jdk-11.0.7\bin\zip.dll
0x00007ffd0f0b0000 - 0x00007ffd0f794000 	C:\Windows\System32\SHELL32.dll
0x00007ffd107b0000 - 0x00007ffd10859000 	C:\Windows\System32\shcore.dll
0x00007ffd0e450000 - 0x00007ffd0ebce000 	C:\Windows\System32\windows.storage.dll
0x00007ffd0def0000 - 0x00007ffd0df13000 	C:\Windows\System32\profapi.dll
0x00007ffd0df40000 - 0x00007ffd0df8a000 	C:\Windows\System32\powrprof.dll
0x00007ffd0dec0000 - 0x00007ffd0ded0000 	C:\Windows\System32\UMPDC.dll
0x00007ffd10330000 - 0x00007ffd10382000 	C:\Windows\System32\shlwapi.dll
0x00007ffd0e040000 - 0x00007ffd0e057000 	C:\Windows\System32\cryptsp.dll
0x00007ffd05600000 - 0x00007ffd05619000 	C:\Program Files\Java\jdk-11.0.7\bin\net.dll
0x00007ffd04590000 - 0x00007ffd04680000 	C:\Windows\SYSTEM32\WINHTTP.dll
0x00007ffd0d730000 - 0x00007ffd0d797000 	C:\Windows\system32\mswsock.dll
0x00007ffd041c0000 - 0x00007ffd041d3000 	C:\Program Files\Java\jdk-11.0.7\bin\nio.dll
0x00007ffcf6f00000 - 0x00007ffcf6f1a000 	C:\Program Files\JetBrains\IntelliJ IDEA 2019.1.2\bin\breakgen64.dll
0x0000023215960000 - 0x0000023215963000 	C:\javafx-sdk-11.0.2\bin\api-ms-win-core-console-l1-1-0.dll
0x0000023215970000 - 0x0000023215973000 	C:\javafx-sdk-11.0.2\bin\api-ms-win-core-datetime-l1-1-0.dll
0x0000023215980000 - 0x0000023215983000 	C:\javafx-sdk-11.0.2\bin\api-ms-win-core-debug-l1-1-0.dll
0x0000023215990000 - 0x0000023215993000 	C:\javafx-sdk-11.0.2\bin\api-ms-win-core-errorhandling-l1-1-0.dll
0x00000232159a0000 - 0x00000232159a4000 	C:\javafx-sdk-11.0.2\bin\api-ms-win-core-file-l1-1-0.dll
0x00000232159d0000 - 0x00000232159d3000 	C:\javafx-sdk-11.0.2\bin\api-ms-win-core-file-l1-2-0.dll
0x00000232159b0000 - 0x00000232159b3000 	C:\javafx-sdk-11.0.2\bin\api-ms-win-core-file-l2-1-0.dll
0x00000232159c0000 - 0x00000232159c3000 	C:\javafx-sdk-11.0.2\bin\api-ms-win-core-handle-l1-1-0.dll
0x00000232159e0000 - 0x00000232159e3000 	C:\javafx-sdk-11.0.2\bin\api-ms-win-core-heap-l1-1-0.dll
0x00000232159f0000 - 0x00000232159f3000 	C:\javafx-sdk-11.0.2\bin\api-ms-win-core-interlocked-l1-1-0.dll
0x0000023215a00000 - 0x0000023215a03000 	C:\javafx-sdk-11.0.2\bin\api-ms-win-core-libraryloader-l1-1-0.dll
0x0000023215a10000 - 0x0000023215a13000 	C:\javafx-sdk-11.0.2\bin\api-ms-win-core-localization-l1-2-0.dll
0x0000023215a20000 - 0x0000023215a23000 	C:\javafx-sdk-11.0.2\bin\api-ms-win-core-memory-l1-1-0.dll
0x0000023215a30000 - 0x0000023215a33000 	C:\javafx-sdk-11.0.2\bin\api-ms-win-core-namedpipe-l1-1-0.dll
0x0000023215a40000 - 0x0000023215a43000 	C:\javafx-sdk-11.0.2\bin\api-ms-win-core-processenvironment-l1-1-0.dll
0x0000023215a50000 - 0x0000023215a53000 	C:\javafx-sdk-11.0.2\bin\api-ms-win-core-processthreads-l1-1-0.dll
0x0000023215a60000 - 0x0000023215a63000 	C:\javafx-sdk-11.0.2\bin\api-ms-win-core-processthreads-l1-1-1.dll
0x0000023215a70000 - 0x0000023215a73000 	C:\javafx-sdk-11.0.2\bin\api-ms-win-core-profile-l1-1-0.dll
0x0000023215a80000 - 0x0000023215a83000 	C:\javafx-sdk-11.0.2\bin\api-ms-win-core-rtlsupport-l1-1-0.dll
0x0000023215a90000 - 0x0000023215a93000 	C:\javafx-sdk-11.0.2\bin\api-ms-win-core-string-l1-1-0.dll
0x0000023215aa0000 - 0x0000023215aa3000 	C:\javafx-sdk-11.0.2\bin\api-ms-win-core-synch-l1-1-0.dll
0x0000023215ab0000 - 0x0000023215ab3000 	C:\javafx-sdk-11.0.2\bin\api-ms-win-core-synch-l1-2-0.dll
0x0000023215ac0000 - 0x0000023215ac3000 	C:\javafx-sdk-11.0.2\bin\api-ms-win-core-sysinfo-l1-1-0.dll
0x0000023215ad0000 - 0x0000023215ad3000 	C:\javafx-sdk-11.0.2\bin\api-ms-win-core-timezone-l1-1-0.dll
0x0000023215ae0000 - 0x0000023215ae3000 	C:\javafx-sdk-11.0.2\bin\api-ms-win-core-util-l1-1-0.dll
0x0000023215af0000 - 0x0000023215af3000 	C:\javafx-sdk-11.0.2\bin\api-ms-win-crt-conio-l1-1-0.dll
0x0000023215b00000 - 0x0000023215b04000 	C:\javafx-sdk-11.0.2\bin\api-ms-win-crt-convert-l1-1-0.dll
0x0000023215b10000 - 0x0000023215b13000 	C:\javafx-sdk-11.0.2\bin\api-ms-win-crt-environment-l1-1-0.dll
0x0000023215b20000 - 0x0000023215b23000 	C:\javafx-sdk-11.0.2\bin\api-ms-win-crt-filesystem-l1-1-0.dll
0x0000023215b30000 - 0x0000023215b33000 	C:\javafx-sdk-11.0.2\bin\api-ms-win-crt-heap-l1-1-0.dll
0x0000023215b40000 - 0x0000023215b43000 	C:\javafx-sdk-11.0.2\bin\api-ms-win-crt-locale-l1-1-0.dll
0x0000023215b50000 - 0x0000023215b55000 	C:\javafx-sdk-11.0.2\bin\api-ms-win-crt-math-l1-1-0.dll
0x0000023215b60000 - 0x0000023215b65000 	C:\javafx-sdk-11.0.2\bin\api-ms-win-crt-multibyte-l1-1-0.dll
0x0000023215b70000 - 0x0000023215b80000 	C:\javafx-sdk-11.0.2\bin\api-ms-win-crt-private-l1-1-0.dll
0x0000023215b80000 - 0x0000023215b83000 	C:\javafx-sdk-11.0.2\bin\api-ms-win-crt-process-l1-1-0.dll
0x0000023215b90000 - 0x0000023215b94000 	C:\javafx-sdk-11.0.2\bin\api-ms-win-crt-runtime-l1-1-0.dll
0x0000023215ba0000 - 0x0000023215ba4000 	C:\javafx-sdk-11.0.2\bin\api-ms-win-crt-stdio-l1-1-0.dll
0x0000023215bb0000 - 0x0000023215bb4000 	C:\javafx-sdk-11.0.2\bin\api-ms-win-crt-string-l1-1-0.dll
0x0000023215bc0000 - 0x0000023215bc3000 	C:\javafx-sdk-11.0.2\bin\api-ms-win-crt-time-l1-1-0.dll
0x0000023215bd0000 - 0x0000023215bd3000 	C:\javafx-sdk-11.0.2\bin\api-ms-win-crt-utility-l1-1-0.dll
0x00007ffcdc850000 - 0x00007ffcdc94a000 	C:\javafx-sdk-11.0.2\bin\ucrtbase.dll
0x00007ffced070000 - 0x00007ffced086000 	C:\javafx-sdk-11.0.2\bin\vcruntime140.dll
0x00007ffcdf280000 - 0x00007ffcdf326000 	C:\javafx-sdk-11.0.2\bin\msvcp140.dll
0x00007ffce78a0000 - 0x00007ffce78f1000 	C:\javafx-sdk-11.0.2\bin\concrt140.dll
0x00007ffce9ce0000 - 0x00007ffce9d03000 	C:\javafx-sdk-11.0.2\bin\prism_d3d.dll
0x00007ffcdcf30000 - 0x00007ffcdd0f7000 	C:\Windows\system32\d3d9.dll
0x00007ffd0c190000 - 0x00007ffd0c1bd000 	C:\Windows\SYSTEM32\dwmapi.dll
0x00007ffd0cb10000 - 0x00007ffd0cb30000 	C:\Windows\SYSTEM32\dxcore.dll
0x00007ffd0b5e0000 - 0x00007ffd0b679000 	C:\Windows\system32\uxtheme.dll
0x00007ffc77760000 - 0x00007ffc7cf44000 	C:\Windows\System32\DriverStore\FileRepository\igdlh64.inf_amd64_3a401a783e2b7dd0\igdumdim64.dll
0x00007ffd10ef0000 - 0x00007ffd10fb4000 	C:\Windows\System32\OLEAUT32.dll
0x00007ffd0f7a0000 - 0x00007ffd0f8f7000 	C:\Windows\System32\ole32.dll
0x00007ffd0f900000 - 0x00007ffd0fd70000 	C:\Windows\System32\SETUPAPI.dll
0x00007ffd0e060000 - 0x00007ffd0e086000 	C:\Windows\System32\bcrypt.dll
0x00007ffce51e0000 - 0x00007ffce5225000 	C:\javafx-sdk-11.0.2\bin\glass.dll
0x00007ffd10e20000 - 0x00007ffd10ef0000 	C:\Windows\System32\COMDLG32.dll
0x00007ffd10150000 - 0x00007ffd10286000 	C:\Windows\System32\MSCTF.dll
0x00007ffcfd8c0000 - 0x00007ffcfea1c000 	C:\Windows\System32\DriverStore\FileRepository\igdlh64.inf_amd64_3a401a783e2b7dd0\igc64.dll
0x00007ffcea350000 - 0x00007ffcea364000 	C:\javafx-sdk-11.0.2\bin\javafx_font.dll
0x00007ffcfea20000 - 0x00007ffcfed1e000 	C:\Windows\SYSTEM32\dwrite.dll
0x00007ffd10990000 - 0x00007ffd10a32000 	C:\Windows\System32\clbcatq.dll
0x00007ffd030b0000 - 0x00007ffd0325f000 	C:\Windows\SYSTEM32\WindowsCodecs.dll
0x00007ffcd8960000 - 0x00007ffcd899a000 	C:\Windows\system32\dataexchange.dll
0x00007ffd0a630000 - 0x00007ffd0a88b000 	C:\Windows\system32\d3d11.dll
0x00007ffd0acf0000 - 0x00007ffd0aecc000 	C:\Windows\system32\dcomp.dll
0x00007ffd0cba0000 - 0x00007ffd0cc8b000 	C:\Windows\system32\dxgi.dll
0x00007ffd0bc30000 - 0x00007ffd0be91000 	C:\Windows\system32\twinapi.appcore.dll
0x00007ffd0c080000 - 0x00007ffd0c0a9000 	C:\Windows\system32\RMCLIENT.dll
0x00007ffce4e80000 - 0x00007ffce4eb3000 	C:\Program Files\Common Files\Microsoft Shared\Ink\rtscom.dll
0x00007ffd03380000 - 0x00007ffd0341e000 	C:\Windows\System32\TextInputFramework.dll
0x00007ffd03590000 - 0x00007ffd038ba000 	C:\Windows\System32\CoreUIComponents.dll
0x00007ffd0aed0000 - 0x00007ffd0afa4000 	C:\Windows\System32\CoreMessaging.dll
0x00007ffd0d010000 - 0x00007ffd0d041000 	C:\Windows\SYSTEM32\ntmarta.dll
0x00007ffd098f0000 - 0x00007ffd09a43000 	C:\Windows\SYSTEM32\wintypes.dll
0x00007ffd01b10000 - 0x00007ffd01db6000 	C:\Windows\System32\iertutil.dll
0x00007ffcfa3c0000 - 0x00007ffcfa425000 	C:\Windows\system32\Oleacc.dll

dbghelp: loaded successfully - version: 4.0.5 - missing functions: none
symbol engine: initialized successfully - sym options: 0x614 - pdb path: .;C:\Program Files\Java\jdk-11.0.7\bin;C:\Windows\SYSTEM32;C:\Program Files\AVAST Software\Avast;C:\Windows\WinSxS\amd64_microsoft.windows.common-controls_6595b64144ccf1df_6.0.18362.836_none_e6c4b943130f18ed;C:\Program Files\Java\jdk-11.0.7\bin\server;C:\Program Files\JetBrains\IntelliJ IDEA 2019.1.2\bin;C:\javafx-sdk-11.0.2\bin;C:\Windows\System32\DriverStore\FileRepository\igdlh64.inf_amd64_3a401a783e2b7dd0;C:\Program Files\Common Files\Microsoft Shared\Ink

VM Arguments:
jvm_args: --module-path=C:\javafx-sdk-11.0.2\lib --add-modules=javafx.controls,javafx.fxml --add-modules=javafx.base,javafx.graphics --add-reads=javafx.base=ALL-UNNAMED --add-reads=javafx.graphics=ALL-UNNAMED -javaagent:C:\Program Files\JetBrains\IntelliJ IDEA 2019.1.2\lib\idea_rt.jar=5267:C:\Program Files\JetBrains\IntelliJ IDEA 2019.1.2\bin -Dfile.encoding=UTF-8 
java_command: Application.Main
java_class_path (initial): C:\Users\pc\Desktop\RestaurantMgtSampleUI-master\out\production\RestaurantMgt;C:\Users\pc\Desktop\RestaurantMgtSampleUI-master\driver\sqljdbc_8.2\fra\mssql-jdbc-8.2.2.jre11.jar;C:\javafx-sdk-11.0.2\lib\src.zip;C:\javafx-sdk-11.0.2\lib\javafx-swt.jar;C:\javafx-sdk-11.0.2\lib\javafx.web.jar;C:\javafx-sdk-11.0.2\lib\javafx.base.jar;C:\javafx-sdk-11.0.2\lib\javafx.fxml.jar;C:\javafx-sdk-11.0.2\lib\javafx.media.jar;C:\javafx-sdk-11.0.2\lib\javafx.swing.jar;C:\javafx-sdk-11.0.2\lib\javafx.controls.jar;C:\javafx-sdk-11.0.2\lib\javafx.graphics.jar
Launcher Type: SUN_STANDARD

[Global flags]
     intx CICompilerCount                          = 3                                         {product} {ergonomic}
     uint ConcGCThreads                            = 1                                         {product} {ergonomic}
     uint G1ConcRefinementThreads                  = 4                                         {product} {ergonomic}
   size_t G1HeapRegionSize                         = 1048576                                   {product} {ergonomic}
    uintx GCDrainStackTargetSize                   = 64                                        {product} {ergonomic}
   size_t InitialHeapSize                          = 201326592                                 {product} {ergonomic}
   size_t MarkStackSize                            = 4194304                                   {product} {ergonomic}
   size_t MaxHeapSize                              = 3191865344                                {product} {ergonomic}
   size_t MaxNewSize                               = 1914699776                                {product} {ergonomic}
   size_t MinHeapDeltaBytes                        = 1048576                                   {product} {ergonomic}
    uintx NonNMethodCodeHeapSize                   = 5830732                                {pd product} {ergonomic}
    uintx NonProfiledCodeHeapSize                  = 122913754                              {pd product} {ergonomic}
    uintx ProfiledCodeHeapSize                     = 122913754                              {pd product} {ergonomic}
    uintx ReservedCodeCacheSize                    = 251658240                              {pd product} {ergonomic}
     bool SegmentedCodeCache                       = true                                      {product} {ergonomic}
     bool UseCompressedClassPointers               = true                                 {lp64_product} {ergonomic}
     bool UseCompressedOops                        = true                                 {lp64_product} {ergonomic}
     bool UseG1GC                                  = true                                      {product} {ergonomic}
     bool UseLargePagesIndividualAllocation        = false                                  {pd product} {ergonomic}

Logging:
Log output configuration:
 #0: stdout all=warning uptime,level,tags
 #1: stderr all=off uptime,level,tags

Environment Variables:
PATH=C:\Python27\;C:\Python27\Scripts;C:\xampp\php;C:\Program Files (x86)\Common Files\Oracle\Java\javapath;C:\ProgramData\Oracle\Java\javapath;C:\Program Files\Microsoft MPI\Bin\;C:\Windows\system32;C:\Windows;C:\Windows\System32\Wbem;C:\Windows\System32\WindowsPowerShell\v1.0\;C:\Windows\System32\OpenSSH\;C:\Program Files (x86)\Microsoft SQL Server\100\Tools\Binn\VSShell\Common7\IDE\;C:\Program Files (x86)\Microsoft SQL Server\100\Tools\Binn\;C:\Program Files\Microsoft SQL Server\100\Tools\Binn\;C:\Program Files (x86)\Microsoft SQL Server\100\DTS\Binn\;C:\Program Files\dotnet\;C:\Program Files\Microsoft SQL Server\Client SDK\ODBC\170\Tools\Binn\;C:\Program Files\Git\cmd;C:\Program Files (x86)\Microsoft SQL Server\150\Tools\Binn\;C:\Program Files\Microsoft SQL Server\150\Tools\Binn\;C:\Program Files (x86)\Microsoft SQL Server\150\DTS\Binn\;C:\Program Files\Microsoft SQL Server\150\DTS\Binn\;C:\Program Files\Intel\WiFi\bin\;C:\Program Files\Common Files\Intel\WirelessCommon\;C:\Pr;C:\ProgramData\ComposerSetup\bin;C:\Program Files\nodejs\;C:\ProgramData\chocolatey\bin;C:\Program Files (x86)\IncrediBuild;C:\Program Files\Azure Data Studio\bin;C:\Program Files\Java\jdk-11.0.7\bin;;C:\Program Files\Git LFS;C:\Users\pc\AppData\Local\Microsoft\WindowsApps;C:\Users\pc\AppData\Local\GitHubDesktop\bin;C:\Program Files\PHP;C:\Users\pc\AppData\Local\Programs\Microsoft VS Code\bin;C:\Program Files\JetBrains\IntelliJ IDEA 2019.1.2\bin;C:\Program Files\Azure Data Studio\bin;C:\Users\pc\AppData\Roaming\Composer\vendor\bin;C:\Program Files\JetBrains\PhpStorm 2019.3.4\bin;C:\Users\pc\AppData\Roaming\npm;C:\Program Files\Azure Data Studio\bin
USERNAME=HichamSFH
OS=Windows_NT
PROCESSOR_IDENTIFIER=Intel64 Family 6 Model 142 Stepping 9, GenuineIntel



---------------  S Y S T E M  ---------------

OS: Windows 10 , 64 bit Build 18362 (10.0.18362.778)

CPU:total 4 (initial active 4) (2 cores per cpu, 2 threads per core) family 6 model 142 stepping 9, cmov, cx8, fxsr, mmx, sse, sse2, sse3, ssse3, sse4.1, sse4.2, popcnt, avx, avx2, aes, clmul, erms, 3dnowpref, lzcnt, ht, tsc, tscinvbit, bmi1, bmi2, adx, fma

Memory: 4k page, system-wide physical 12168M (2049M free)
TotalPageFile size 49032M (AvailPageFile size 0M)
current process WorkingSet (physical memory assigned to process): 103M, peak: 189M
current process commit charge ("private bytes"): 369M, peak: 375M

vm_info: Java HotSpot(TM) 64-Bit Server VM (11.0.7+8-LTS) for windows-amd64 JRE (11.0.7+8-LTS), built on Mar 12 2020 02:04:32 by "mach5one" with MS VC++ 15.5 (VS2017)

END.
